{
  "RSpec": {
    "coverage": {
      "/home/restful-researcher-5d08/tic-tac-toe-rb-online-web-sp-000/lib/tic_tac_toe.rb": [
        null,
        1,
        null,
        null,
        null,
        null,
        null,
        null,
        null,
        null,
        null,
        1,
        1,
        16,
        16,
        16,
        16,
        16,
        null,
        null,
        1,
        15,
        null,
        null,
        1,
        14,
        null,
        null,
        1,
        161,
        115,
        46,
        46,
        null,
        null,
        null,
        1,
        15,
        12,
        3,
        1,
        null,
        null,
        null,
        1,
        13,
        13,
        117,
        10,
        null,
        null,
        13,
        null,
        null,
        1,
        12,
        null,
        null,
        1,
        12,
        12,
        12,
        12,
        11,
        11,
        null,
        1,
        null,
        null,
        null,
        1,
        68,
        345,
        345,
        345,
        null,
        345,
        345,
        345,
        null,
        345,
        42,
        null,
        null,
        26,
        null,
        null,
        1,
        55,
        8,
        null,
        3,
        null,
        null,
        null,
        1,
        23,
        16,
        7,
        0,
        7,
        7,
        null,
        null,
        null,
        1,
        13,
        11,
        null,
        2,
        null,
        null,
        null,
        1,
        10,
        9,
        null,
        null,
        null,
        1,
        0,
        0,
        0,
        0,
        null,
        null,
        null,
        1,
        12,
        9,
        null,
        12,
        3,
        3,
        9,
        9,
        null,
        null
      ]
    },
    "timestamp": 1616453886
  }
}
